2025-10-28 20:07:52,716 INFO: Website startup [in D:\Python_Projects\website\app.py:58]
2025-10-28 20:07:52,767 INFO: Loaded stock: 2 items [in D:\Python_Projects\website\app.py:128]
2025-10-28 20:07:52,786 INFO: Database initialized successfully [in D:\Python_Projects\website\app.py:202]
2025-10-28 20:07:52,787 INFO: Starting Excel file monitor for: D:\Python_Projects\website\stock_data.xlsx [in D:\Python_Projects\website\app.py:462]
2025-10-28 20:07:52,787 INFO: Excel file monitoring started [in D:\Python_Projects\website\app.py:492]
2025-10-28 20:07:53,605 INFO: Website startup [in D:\Python_Projects\website\app.py:58]
2025-10-28 20:07:53,653 INFO: Loaded stock: 2 items [in D:\Python_Projects\website\app.py:128]
2025-10-28 20:07:53,664 INFO: Database initialized successfully [in D:\Python_Projects\website\app.py:202]
2025-10-28 20:07:53,664 INFO: Starting Excel file monitor for: D:\Python_Projects\website\stock_data.xlsx [in D:\Python_Projects\website\app.py:462]
2025-10-28 20:07:53,664 INFO: Excel file monitoring started [in D:\Python_Projects\website\app.py:492]
2025-10-28 20:07:55,312 ERROR: Error reading Excel file: Excel file format cannot be determined, you must specify an engine manually. [in D:\Python_Projects\website\app.py:391]
2025-10-28 20:07:59,138 ERROR: Error reading Excel file: Excel file format cannot be determined, you must specify an engine manually. [in D:\Python_Projects\website\app.py:391]
2025-10-28 20:08:23,157 ERROR: Error reading Excel file: Excel file format cannot be determined, you must specify an engine manually. [in D:\Python_Projects\website\app.py:391]
2025-10-28 20:08:26,558 ERROR: Error reading Excel file: Excel file format cannot be determined, you must specify an engine manually. [in D:\Python_Projects\website\app.py:391]
2025-10-28 20:08:28,637 ERROR: Error reading Excel file: Excel file format cannot be determined, you must specify an engine manually. [in D:\Python_Projects\website\app.py:391]
2025-10-28 20:08:35,499 INFO: Website startup [in D:\Python_Projects\website\app.py:58]
2025-10-28 20:08:35,548 INFO: Loaded stock: 2 items [in D:\Python_Projects\website\app.py:128]
2025-10-28 20:08:35,549 INFO: Database initialized successfully [in D:\Python_Projects\website\app.py:202]
2025-10-28 20:08:35,550 INFO: Starting Excel file monitor for: D:\Python_Projects\website\stock_data.xlsx [in D:\Python_Projects\website\app.py:462]
2025-10-28 20:08:35,550 INFO: Excel file monitoring started [in D:\Python_Projects\website\app.py:492]
2025-10-28 20:08:38,635 ERROR: Error reading Excel file: Missing optional dependency 'openpyxl'.  Use pip or conda to install openpyxl. [in D:\Python_Projects\website\app.py:391]
2025-10-28 20:08:39,319 ERROR: Error reading Excel file: Missing optional dependency 'openpyxl'.  Use pip or conda to install openpyxl. [in D:\Python_Projects\website\app.py:391]
2025-10-28 20:08:44,123 INFO: Website startup [in D:\Python_Projects\website\app.py:58]
2025-10-28 20:08:44,172 INFO: Loaded stock: 2 items [in D:\Python_Projects\website\app.py:128]
2025-10-28 20:08:44,172 INFO: Database initialized successfully [in D:\Python_Projects\website\app.py:202]
2025-10-28 20:08:44,173 INFO: Starting Excel file monitor for: D:\Python_Projects\website\stock_data.xlsx [in D:\Python_Projects\website\app.py:462]
2025-10-28 20:08:44,173 INFO: Excel file monitoring started [in D:\Python_Projects\website\app.py:492]
2025-10-28 20:08:48,833 ERROR: Error reading Excel file: Missing optional dependency 'openpyxl'.  Use pip or conda to install openpyxl. [in D:\Python_Projects\website\app.py:391]
2025-10-28 20:08:54,453 INFO: Website startup [in D:\Python_Projects\website\app.py:58]
2025-10-28 20:08:54,502 INFO: Loaded stock: 2 items [in D:\Python_Projects\website\app.py:128]
2025-10-28 20:08:54,503 INFO: Database initialized successfully [in D:\Python_Projects\website\app.py:202]
2025-10-28 20:08:54,503 INFO: Starting Excel file monitor for: D:\Python_Projects\website\stock_data.xlsx [in D:\Python_Projects\website\app.py:462]
2025-10-28 20:08:54,503 INFO: Excel file monitoring started [in D:\Python_Projects\website\app.py:492]
2025-10-28 20:08:55,312 INFO: Website startup [in D:\Python_Projects\website\app.py:58]
2025-10-28 20:08:55,360 INFO: Loaded stock: 2 items [in D:\Python_Projects\website\app.py:128]
2025-10-28 20:08:55,361 INFO: Database initialized successfully [in D:\Python_Projects\website\app.py:202]
2025-10-28 20:08:55,361 INFO: Starting Excel file monitor for: D:\Python_Projects\website\stock_data.xlsx [in D:\Python_Projects\website\app.py:462]
2025-10-28 20:08:55,361 INFO: Excel file monitoring started [in D:\Python_Projects\website\app.py:492]
2025-10-28 20:08:58,191 ERROR: Error reading Excel file: Missing optional dependency 'openpyxl'.  Use pip or conda to install openpyxl. [in D:\Python_Projects\website\app.py:391]
2025-10-28 20:09:07,676 ERROR: Error reading Excel file: Missing optional dependency 'openpyxl'.  Use pip or conda to install openpyxl. [in D:\Python_Projects\website\app.py:391]
2025-10-28 20:09:31,907 INFO: Website startup [in D:\Python_Projects\website\app.py:58]
2025-10-28 20:09:31,955 INFO: Loaded stock: 2 items [in D:\Python_Projects\website\app.py:128]
2025-10-28 20:09:31,955 INFO: Database initialized successfully [in D:\Python_Projects\website\app.py:202]
2025-10-28 20:09:31,956 INFO: Starting Excel file monitor for: D:\Python_Projects\website\stock_data.xlsx [in D:\Python_Projects\website\app.py:462]
2025-10-28 20:09:31,956 INFO: Excel file monitoring started [in D:\Python_Projects\website\app.py:492]
2025-10-28 20:09:32,763 INFO: Website startup [in D:\Python_Projects\website\app.py:58]
2025-10-28 20:09:32,810 INFO: Loaded stock: 2 items [in D:\Python_Projects\website\app.py:128]
2025-10-28 20:09:32,811 INFO: Database initialized successfully [in D:\Python_Projects\website\app.py:202]
2025-10-28 20:09:32,811 INFO: Starting Excel file monitor for: D:\Python_Projects\website\stock_data.xlsx [in D:\Python_Projects\website\app.py:462]
2025-10-28 20:09:32,811 INFO: Excel file monitoring started [in D:\Python_Projects\website\app.py:492]
2025-10-28 20:09:37,850 ERROR: Error reading Excel file: File is not a zip file [in D:\Python_Projects\website\app.py:391]
2025-10-28 20:09:45,426 ERROR: Error reading Excel file: File is not a zip file [in D:\Python_Projects\website\app.py:391]
2025-10-28 20:09:52,702 ERROR: Error reading Excel file: File is not a zip file [in D:\Python_Projects\website\app.py:391]
2025-10-28 20:09:55,509 ERROR: Error reading Excel file: File is not a zip file [in D:\Python_Projects\website\app.py:391]
2025-10-28 20:11:01,955 INFO: Website startup [in D:\Python_Projects\website\app.py:58]
2025-10-28 20:11:02,004 INFO: Loaded stock: 2 items [in D:\Python_Projects\website\app.py:128]
2025-10-28 20:11:02,005 INFO: Database initialized successfully [in D:\Python_Projects\website\app.py:202]
2025-10-28 20:11:02,005 INFO: Starting Excel file monitor for: D:\Python_Projects\website\stock_data.xlsx [in D:\Python_Projects\website\app.py:462]
2025-10-28 20:11:02,005 INFO: Excel file monitoring started [in D:\Python_Projects\website\app.py:492]
2025-10-28 20:11:02,807 INFO: Website startup [in D:\Python_Projects\website\app.py:58]
2025-10-28 20:11:02,856 INFO: Loaded stock: 2 items [in D:\Python_Projects\website\app.py:128]
2025-10-28 20:11:02,856 INFO: Database initialized successfully [in D:\Python_Projects\website\app.py:202]
2025-10-28 20:11:02,857 INFO: Starting Excel file monitor for: D:\Python_Projects\website\stock_data.xlsx [in D:\Python_Projects\website\app.py:462]
2025-10-28 20:11:02,857 INFO: Excel file monitoring started [in D:\Python_Projects\website\app.py:492]
2025-10-28 20:42:38,085 INFO: Website startup [in D:\Python_Projects\website\app.py:46]
2025-10-28 20:42:38,085 INFO: LangSmith tracing enabled [in D:\Python_Projects\website\app.py:50]
2025-10-28 20:42:38,090 INFO: Excel file monitoring started [in D:\Python_Projects\website\app.py:81]
2025-10-28 20:44:13,756 INFO: Website startup [in D:\Python_Projects\website\app.py:46]
2025-10-28 20:44:13,756 INFO: LangSmith tracing enabled [in D:\Python_Projects\website\app.py:50]
2025-10-28 20:44:13,761 INFO: Excel file monitoring started [in D:\Python_Projects\website\app.py:81]
2025-10-28 20:44:14,579 INFO: Website startup [in D:\Python_Projects\website\app.py:46]
2025-10-28 20:44:14,579 INFO: LangSmith tracing enabled [in D:\Python_Projects\website\app.py:50]
2025-10-28 20:44:14,583 INFO: Excel file monitoring started [in D:\Python_Projects\website\app.py:81]
2025-10-28 20:48:40,949 INFO: Website startup [in D:\Python_Projects\website\app.py:46]
2025-10-28 20:48:40,949 INFO: LangSmith tracing enabled [in D:\Python_Projects\website\app.py:50]
2025-10-28 20:48:40,955 INFO: Excel file monitoring started [in D:\Python_Projects\website\app.py:81]
2025-10-28 20:48:41,798 INFO: Website startup [in D:\Python_Projects\website\app.py:46]
2025-10-28 20:48:41,798 INFO: LangSmith tracing enabled [in D:\Python_Projects\website\app.py:50]
2025-10-28 20:48:41,802 INFO: Excel file monitoring started [in D:\Python_Projects\website\app.py:81]
2025-10-28 20:49:48,948 INFO: Website startup [in D:\Python_Projects\website\app.py:46]
2025-10-28 20:49:48,949 INFO: LangSmith tracing enabled [in D:\Python_Projects\website\app.py:50]
2025-10-28 20:49:48,953 INFO: Excel file monitoring started [in D:\Python_Projects\website\app.py:81]
2025-10-28 20:49:49,769 INFO: Website startup [in D:\Python_Projects\website\app.py:46]
2025-10-28 20:49:49,770 INFO: LangSmith tracing enabled [in D:\Python_Projects\website\app.py:50]
2025-10-28 20:49:49,774 INFO: Excel file monitoring started [in D:\Python_Projects\website\app.py:81]
2025-10-28 20:52:11,538 INFO: Website startup [in D:\Python_Projects\website\app.py:46]
2025-10-28 20:52:11,538 INFO: LangSmith tracing enabled [in D:\Python_Projects\website\app.py:50]
2025-10-28 20:52:11,544 INFO: Excel file monitoring started [in D:\Python_Projects\website\app.py:81]
2025-10-28 20:52:12,387 INFO: Website startup [in D:\Python_Projects\website\app.py:46]
2025-10-28 20:52:12,388 INFO: LangSmith tracing enabled [in D:\Python_Projects\website\app.py:50]
2025-10-28 20:52:12,392 INFO: Excel file monitoring started [in D:\Python_Projects\website\app.py:81]
2025-10-28 20:52:13,692 INFO: Agent 2 warehouse endpoint called [in D:\Python_Projects\website\routes\agent_routes.py:67]
2025-10-28 20:52:13,692 INFO: Action: read_excel [in D:\Python_Projects\website\routes\agent_routes.py:73]
2025-10-28 20:52:13,692 INFO: Starting Excel sync... [in D:\Python_Projects\website\routes\agent_routes.py:77]
2025-10-28 20:52:23,699 INFO: Agent 2 warehouse endpoint called [in D:\Python_Projects\website\routes\agent_routes.py:67]
2025-10-28 20:52:23,700 INFO: Action: read_excel [in D:\Python_Projects\website\routes\agent_routes.py:73]
2025-10-28 20:52:23,700 INFO: Starting Excel sync... [in D:\Python_Projects\website\routes\agent_routes.py:77]
2025-10-28 20:52:33,691 INFO: Agent 2 warehouse endpoint called [in D:\Python_Projects\website\routes\agent_routes.py:67]
2025-10-28 20:52:33,691 INFO: Action: read_excel [in D:\Python_Projects\website\routes\agent_routes.py:73]
2025-10-28 20:52:33,691 INFO: Starting Excel sync... [in D:\Python_Projects\website\routes\agent_routes.py:77]
2025-10-28 20:52:43,697 INFO: Agent 2 warehouse endpoint called [in D:\Python_Projects\website\routes\agent_routes.py:67]
2025-10-28 20:52:43,698 INFO: Action: read_excel [in D:\Python_Projects\website\routes\agent_routes.py:73]
2025-10-28 20:52:43,698 INFO: Starting Excel sync... [in D:\Python_Projects\website\routes\agent_routes.py:77]
2025-10-28 20:56:18,122 INFO: Website startup [in D:\Python_Projects\website\app.py:46]
2025-10-28 20:56:18,123 INFO: LangSmith tracing enabled [in D:\Python_Projects\website\app.py:50]
2025-10-28 20:56:18,127 INFO: Excel file monitoring started [in D:\Python_Projects\website\app.py:81]
2025-10-28 20:56:19,312 INFO: Website startup [in D:\Python_Projects\website\app.py:46]
2025-10-28 20:56:19,313 INFO: LangSmith tracing enabled [in D:\Python_Projects\website\app.py:50]
2025-10-28 20:56:19,317 INFO: Excel file monitoring started [in D:\Python_Projects\website\app.py:81]
2025-10-28 20:56:31,611 INFO: Agent 2 warehouse endpoint called [in D:\Python_Projects\website\routes\agent_routes.py:67]
2025-10-28 20:56:31,611 INFO: Action: read_excel [in D:\Python_Projects\website\routes\agent_routes.py:73]
2025-10-28 20:56:31,611 INFO: Starting Excel sync... [in D:\Python_Projects\website\routes\agent_routes.py:77]
2025-10-28 20:56:31,892 INFO: Sync result: {'success': True, 'changes': {'added': {'Product D': 100, 'Product A': 100, 'Product B': 100, 'Product C': 100}, 'removed': {'PRoduct A': 10, 'Product b': 10}, 'increased': {}, 'decreased': {}, 'unchanged': {}}, 'change_count': 6} [in D:\Python_Projects\website\routes\agent_routes.py:79]
2025-10-28 20:56:41,076 INFO: Agent 2 warehouse endpoint called [in D:\Python_Projects\website\routes\agent_routes.py:67]
2025-10-28 20:56:41,076 INFO: Action: read_excel [in D:\Python_Projects\website\routes\agent_routes.py:73]
2025-10-28 20:56:41,076 INFO: Starting Excel sync... [in D:\Python_Projects\website\routes\agent_routes.py:77]
2025-10-28 20:56:41,101 INFO: Sync result: {'success': True, 'changes': {'added': {}, 'removed': {'Product b': 10, 'PRoduct A': 10}, 'increased': {}, 'decreased': {}, 'unchanged': {'Product D': 100, 'Product C': 100, 'Product A': 100, 'Product B': 100}}, 'change_count': 2} [in D:\Python_Projects\website\routes\agent_routes.py:79]
2025-10-28 20:56:41,315 INFO: Agent 2 warehouse endpoint called [in D:\Python_Projects\website\routes\agent_routes.py:67]
2025-10-28 20:56:41,315 INFO: Action: read_excel [in D:\Python_Projects\website\routes\agent_routes.py:73]
2025-10-28 20:56:41,315 INFO: Starting Excel sync... [in D:\Python_Projects\website\routes\agent_routes.py:77]
2025-10-28 20:56:41,341 INFO: Sync result: {'success': True, 'changes': {'added': {}, 'removed': {'Product b': 10, 'PRoduct A': 10}, 'increased': {}, 'decreased': {}, 'unchanged': {'Product D': 100, 'Product C': 100, 'Product A': 100, 'Product B': 100}}, 'change_count': 2} [in D:\Python_Projects\website\routes\agent_routes.py:79]
2025-10-28 21:03:06,109 INFO: Website startup [in D:\Python_Projects\website\app.py:46]
2025-10-28 21:03:06,109 INFO: LangSmith tracing enabled [in D:\Python_Projects\website\app.py:50]
2025-10-28 21:03:06,121 INFO: Excel file monitoring started [in D:\Python_Projects\website\app.py:81]
2025-10-28 21:03:07,336 INFO: Website startup [in D:\Python_Projects\website\app.py:46]
2025-10-28 21:03:07,336 INFO: LangSmith tracing enabled [in D:\Python_Projects\website\app.py:50]
2025-10-28 21:03:07,342 INFO: Excel file monitoring started [in D:\Python_Projects\website\app.py:81]
2025-10-28 21:03:13,434 INFO: Agent 2 warehouse endpoint called [in D:\Python_Projects\website\routes\agent_routes.py:67]
2025-10-28 21:03:13,434 INFO: Action: read_excel [in D:\Python_Projects\website\routes\agent_routes.py:73]
2025-10-28 21:03:13,434 INFO: Starting Excel sync... [in D:\Python_Projects\website\routes\agent_routes.py:77]
2025-10-28 21:03:13,583 INFO: Sync result: {'success': True, 'changes': {}, 'change_count': 0} [in D:\Python_Projects\website\routes\agent_routes.py:79]
2025-10-28 21:03:13,584 ERROR: Error in warehouse_agent: 'added' [in D:\Python_Projects\website\routes\agent_routes.py:152]
2025-10-28 21:08:04,893 INFO: Website startup [in D:\Python_Projects\website\app.py:46]
2025-10-28 21:08:04,894 INFO: LangSmith tracing enabled [in D:\Python_Projects\website\app.py:50]
2025-10-28 21:08:04,898 INFO: Excel file monitoring started [in D:\Python_Projects\website\app.py:81]
2025-10-28 21:08:06,003 INFO: Website startup [in D:\Python_Projects\website\app.py:46]
2025-10-28 21:08:06,003 INFO: LangSmith tracing enabled [in D:\Python_Projects\website\app.py:50]
2025-10-28 21:08:06,007 INFO: Excel file monitoring started [in D:\Python_Projects\website\app.py:81]
2025-10-28 21:08:08,795 INFO: Agent 2 warehouse endpoint called [in D:\Python_Projects\website\routes\agent_routes.py:67]
2025-10-28 21:08:08,796 INFO: Action: read_excel [in D:\Python_Projects\website\routes\agent_routes.py:73]
2025-10-28 21:08:08,796 INFO: Starting Excel sync... [in D:\Python_Projects\website\routes\agent_routes.py:77]
2025-10-28 21:08:08,948 INFO: Sync result: {'success': True, 'changes': {}, 'change_count': 0} [in D:\Python_Projects\website\routes\agent_routes.py:79]
2025-10-28 21:08:08,948 ERROR: Error in warehouse_agent: 'added' [in D:\Python_Projects\website\routes\agent_routes.py:152]
2025-10-28 21:08:35,847 INFO: Agent 2 warehouse endpoint called [in D:\Python_Projects\website\routes\agent_routes.py:67]
2025-10-28 21:08:35,848 INFO: Action: read_excel [in D:\Python_Projects\website\routes\agent_routes.py:73]
2025-10-28 21:08:35,848 INFO: Starting Excel sync... [in D:\Python_Projects\website\routes\agent_routes.py:77]
2025-10-28 21:08:35,849 INFO: Sync result: {'success': True, 'changes': {}, 'change_count': 0} [in D:\Python_Projects\website\routes\agent_routes.py:79]
2025-10-28 21:08:35,849 ERROR: Error in warehouse_agent: 'added' [in D:\Python_Projects\website\routes\agent_routes.py:152]
2025-10-28 21:08:38,845 INFO: Agent 2 warehouse endpoint called [in D:\Python_Projects\website\routes\agent_routes.py:67]
2025-10-28 21:08:38,845 INFO: Action: read_excel [in D:\Python_Projects\website\routes\agent_routes.py:73]
2025-10-28 21:08:38,846 INFO: Starting Excel sync... [in D:\Python_Projects\website\routes\agent_routes.py:77]
2025-10-28 21:08:38,857 INFO: Sync result: {'success': True, 'changes': {}, 'change_count': 0} [in D:\Python_Projects\website\routes\agent_routes.py:79]
2025-10-28 21:08:38,857 ERROR: Error in warehouse_agent: 'added' [in D:\Python_Projects\website\routes\agent_routes.py:152]
2025-10-28 21:08:48,834 INFO: Agent 2 warehouse endpoint called [in D:\Python_Projects\website\routes\agent_routes.py:67]
2025-10-28 21:08:48,834 INFO: Action: read_excel [in D:\Python_Projects\website\routes\agent_routes.py:73]
2025-10-28 21:08:48,835 INFO: Starting Excel sync... [in D:\Python_Projects\website\routes\agent_routes.py:77]
2025-10-28 21:08:48,836 INFO: Sync result: {'success': True, 'changes': {}, 'change_count': 0} [in D:\Python_Projects\website\routes\agent_routes.py:79]
2025-10-28 21:08:48,836 ERROR: Error in warehouse_agent: 'added' [in D:\Python_Projects\website\routes\agent_routes.py:152]
2025-10-28 21:08:58,832 INFO: Agent 2 warehouse endpoint called [in D:\Python_Projects\website\routes\agent_routes.py:67]
2025-10-28 21:08:58,832 INFO: Action: read_excel [in D:\Python_Projects\website\routes\agent_routes.py:73]
2025-10-28 21:08:58,832 INFO: Starting Excel sync... [in D:\Python_Projects\website\routes\agent_routes.py:77]
2025-10-28 21:08:58,834 INFO: Sync result: {'success': True, 'changes': {}, 'change_count': 0} [in D:\Python_Projects\website\routes\agent_routes.py:79]
2025-10-28 21:08:58,834 ERROR: Error in warehouse_agent: 'added' [in D:\Python_Projects\website\routes\agent_routes.py:152]
2025-10-28 21:09:08,839 INFO: Agent 2 warehouse endpoint called [in D:\Python_Projects\website\routes\agent_routes.py:67]
2025-10-28 21:09:08,840 INFO: Action: read_excel [in D:\Python_Projects\website\routes\agent_routes.py:73]
2025-10-28 21:09:08,841 INFO: Starting Excel sync... [in D:\Python_Projects\website\routes\agent_routes.py:77]
2025-10-28 21:09:08,844 INFO: Sync result: {'success': True, 'changes': {}, 'change_count': 0} [in D:\Python_Projects\website\routes\agent_routes.py:79]
2025-10-28 21:09:08,844 ERROR: Error in warehouse_agent: 'added' [in D:\Python_Projects\website\routes\agent_routes.py:152]
2025-10-28 21:12:02,207 INFO: Website startup [in D:\Python_Projects\website\app.py:46]
2025-10-28 21:12:02,207 INFO: LangSmith tracing enabled [in D:\Python_Projects\website\app.py:50]
2025-10-28 21:12:02,211 INFO: Excel file monitoring started [in D:\Python_Projects\website\app.py:81]
2025-10-28 21:12:03,344 INFO: Website startup [in D:\Python_Projects\website\app.py:46]
2025-10-28 21:12:03,345 INFO: LangSmith tracing enabled [in D:\Python_Projects\website\app.py:50]
2025-10-28 21:12:03,349 INFO: Excel file monitoring started [in D:\Python_Projects\website\app.py:81]
2025-10-28 21:12:06,644 INFO: Agent 2 warehouse endpoint called [in D:\Python_Projects\website\routes\agent_routes.py:67]
2025-10-28 21:12:06,645 INFO: Action: read_excel [in D:\Python_Projects\website\routes\agent_routes.py:73]
2025-10-28 21:12:06,645 INFO: Starting Excel sync... [in D:\Python_Projects\website\routes\agent_routes.py:77]
2025-10-28 21:12:06,894 INFO: Sync result: {'success': True, 'changes': {'added': {}, 'removed': {'PRoduct A': 10, 'Product b': 10}, 'increased': {}, 'decreased': {}, 'unchanged': {'Product A': 100, 'Product C': 100, 'Product B': 100, 'Product D': 100}}, 'change_count': 2} [in D:\Python_Projects\website\routes\agent_routes.py:79]
2025-10-28 21:12:08,265 INFO: Agent 2 warehouse endpoint called [in D:\Python_Projects\website\routes\agent_routes.py:67]
2025-10-28 21:12:08,266 INFO: Action: read_excel [in D:\Python_Projects\website\routes\agent_routes.py:73]
2025-10-28 21:12:08,266 INFO: Starting Excel sync... [in D:\Python_Projects\website\routes\agent_routes.py:77]
2025-10-28 21:12:08,294 INFO: Sync result: {'success': True, 'changes': {'added': {}, 'removed': {'PRoduct A': 10, 'Product b': 10}, 'increased': {}, 'decreased': {}, 'unchanged': {'Product A': 100, 'Product C': 100, 'Product B': 100, 'Product D': 100}}, 'change_count': 2} [in D:\Python_Projects\website\routes\agent_routes.py:79]
2025-10-28 21:12:09,086 INFO: Agent 2 warehouse endpoint called [in D:\Python_Projects\website\routes\agent_routes.py:67]
2025-10-28 21:12:09,086 INFO: Action: read_excel [in D:\Python_Projects\website\routes\agent_routes.py:73]
2025-10-28 21:12:09,086 INFO: Starting Excel sync... [in D:\Python_Projects\website\routes\agent_routes.py:77]
2025-10-28 21:12:09,121 INFO: Sync result: {'success': True, 'changes': {'added': {}, 'removed': {'PRoduct A': 10, 'Product b': 10}, 'increased': {}, 'decreased': {}, 'unchanged': {'Product A': 100, 'Product C': 100, 'Product B': 100, 'Product D': 100}}, 'change_count': 2} [in D:\Python_Projects\website\routes\agent_routes.py:79]
2025-10-28 21:12:11,056 INFO: Agent 2 warehouse endpoint called [in D:\Python_Projects\website\routes\agent_routes.py:67]
2025-10-28 21:12:11,056 INFO: Action: read_excel [in D:\Python_Projects\website\routes\agent_routes.py:73]
2025-10-28 21:12:11,056 INFO: Starting Excel sync... [in D:\Python_Projects\website\routes\agent_routes.py:77]
2025-10-28 21:12:11,083 INFO: Sync result: {'success': True, 'changes': {'added': {}, 'removed': {'PRoduct A': 10, 'Product b': 10}, 'increased': {}, 'decreased': {}, 'unchanged': {'Product A': 100, 'Product C': 100, 'Product B': 100, 'Product D': 100}}, 'change_count': 2} [in D:\Python_Projects\website\routes\agent_routes.py:79]
2025-10-28 21:12:18,578 INFO: Agent 2 warehouse endpoint called [in D:\Python_Projects\website\routes\agent_routes.py:67]
2025-10-28 21:12:18,578 INFO: Action: read_excel [in D:\Python_Projects\website\routes\agent_routes.py:73]
2025-10-28 21:12:18,579 INFO: Starting Excel sync... [in D:\Python_Projects\website\routes\agent_routes.py:77]
2025-10-28 21:12:18,690 INFO: Sync result: {'success': True, 'changes': {'added': {}, 'removed': {'PRoduct A': 10, 'Product b': 10}, 'increased': {}, 'decreased': {}, 'unchanged': {'Product A': 100, 'Product C': 100, 'Product B': 100, 'Product D': 100}}, 'change_count': 2} [in D:\Python_Projects\website\routes\agent_routes.py:79]
2025-10-28 21:12:28,575 INFO: Agent 2 warehouse endpoint called [in D:\Python_Projects\website\routes\agent_routes.py:67]
2025-10-28 21:12:28,575 INFO: Action: read_excel [in D:\Python_Projects\website\routes\agent_routes.py:73]
2025-10-28 21:12:28,575 INFO: Starting Excel sync... [in D:\Python_Projects\website\routes\agent_routes.py:77]
2025-10-28 21:12:28,610 INFO: Sync result: {'success': True, 'changes': {'added': {}, 'removed': {'PRoduct A': 10, 'Product b': 10}, 'increased': {}, 'decreased': {}, 'unchanged': {'Product A': 100, 'Product C': 100, 'Product B': 100, 'Product D': 100}}, 'change_count': 2} [in D:\Python_Projects\website\routes\agent_routes.py:79]
2025-10-28 21:12:38,572 INFO: Agent 2 warehouse endpoint called [in D:\Python_Projects\website\routes\agent_routes.py:67]
2025-10-28 21:12:38,573 INFO: Action: read_excel [in D:\Python_Projects\website\routes\agent_routes.py:73]
2025-10-28 21:12:38,574 INFO: Starting Excel sync... [in D:\Python_Projects\website\routes\agent_routes.py:77]
2025-10-28 21:12:38,622 INFO: Sync result: {'success': True, 'changes': {'added': {}, 'removed': {'PRoduct A': 10, 'Product b': 10}, 'increased': {}, 'decreased': {}, 'unchanged': {'Product A': 100, 'Product C': 100, 'Product B': 100, 'Product D': 100}}, 'change_count': 2} [in D:\Python_Projects\website\routes\agent_routes.py:79]
2025-10-28 21:12:48,575 INFO: Agent 2 warehouse endpoint called [in D:\Python_Projects\website\routes\agent_routes.py:67]
2025-10-28 21:12:48,576 INFO: Action: read_excel [in D:\Python_Projects\website\routes\agent_routes.py:73]
2025-10-28 21:12:48,576 INFO: Starting Excel sync... [in D:\Python_Projects\website\routes\agent_routes.py:77]
2025-10-28 21:12:48,606 INFO: Sync result: {'success': True, 'changes': {'added': {}, 'removed': {'PRoduct A': 10, 'Product b': 10}, 'increased': {}, 'decreased': {}, 'unchanged': {'Product A': 100, 'Product C': 100, 'Product B': 100, 'Product D': 100}}, 'change_count': 2} [in D:\Python_Projects\website\routes\agent_routes.py:79]
2025-10-28 21:12:58,569 INFO: Agent 2 warehouse endpoint called [in D:\Python_Projects\website\routes\agent_routes.py:67]
2025-10-28 21:12:58,570 INFO: Action: read_excel [in D:\Python_Projects\website\routes\agent_routes.py:73]
2025-10-28 21:12:58,570 INFO: Starting Excel sync... [in D:\Python_Projects\website\routes\agent_routes.py:77]
2025-10-28 21:12:58,605 INFO: Sync result: {'success': True, 'changes': {'added': {}, 'removed': {'PRoduct A': 10, 'Product b': 10}, 'increased': {}, 'decreased': {}, 'unchanged': {'Product A': 100, 'Product C': 100, 'Product B': 100, 'Product D': 100}}, 'change_count': 2} [in D:\Python_Projects\website\routes\agent_routes.py:79]
2025-10-28 21:13:08,569 INFO: Agent 2 warehouse endpoint called [in D:\Python_Projects\website\routes\agent_routes.py:67]
2025-10-28 21:13:08,569 INFO: Action: read_excel [in D:\Python_Projects\website\routes\agent_routes.py:73]
2025-10-28 21:13:08,569 INFO: Starting Excel sync... [in D:\Python_Projects\website\routes\agent_routes.py:77]
2025-10-28 21:13:08,606 INFO: Sync result: {'success': True, 'changes': {'added': {}, 'removed': {'PRoduct A': 10, 'Product b': 10}, 'increased': {}, 'decreased': {}, 'unchanged': {'Product A': 100, 'Product C': 100, 'Product B': 100, 'Product D': 100}}, 'change_count': 2} [in D:\Python_Projects\website\routes\agent_routes.py:79]
2025-10-28 21:13:18,571 INFO: Agent 2 warehouse endpoint called [in D:\Python_Projects\website\routes\agent_routes.py:67]
2025-10-28 21:13:18,571 INFO: Action: read_excel [in D:\Python_Projects\website\routes\agent_routes.py:73]
2025-10-28 21:13:18,571 INFO: Starting Excel sync... [in D:\Python_Projects\website\routes\agent_routes.py:77]
2025-10-28 21:13:18,610 INFO: Sync result: {'success': True, 'changes': {'added': {}, 'removed': {'PRoduct A': 10, 'Product b': 10}, 'increased': {}, 'decreased': {}, 'unchanged': {'Product A': 100, 'Product C': 100, 'Product B': 100, 'Product D': 100}}, 'change_count': 2} [in D:\Python_Projects\website\routes\agent_routes.py:79]
2025-10-28 21:13:19,640 INFO: Agent 2 warehouse endpoint called [in D:\Python_Projects\website\routes\agent_routes.py:67]
2025-10-28 21:13:19,641 INFO: Action: read_excel [in D:\Python_Projects\website\routes\agent_routes.py:73]
2025-10-28 21:13:19,641 INFO: Starting Excel sync... [in D:\Python_Projects\website\routes\agent_routes.py:77]
2025-10-28 21:13:19,676 INFO: Sync result: {'success': True, 'changes': {'added': {}, 'removed': {'PRoduct A': 10, 'Product b': 10}, 'increased': {}, 'decreased': {}, 'unchanged': {'Product A': 100, 'Product C': 100, 'Product B': 100, 'Product D': 100}}, 'change_count': 2} [in D:\Python_Projects\website\routes\agent_routes.py:79]
2025-10-28 21:13:28,582 INFO: Agent 2 warehouse endpoint called [in D:\Python_Projects\website\routes\agent_routes.py:67]
2025-10-28 21:13:28,583 INFO: Action: read_excel [in D:\Python_Projects\website\routes\agent_routes.py:73]
2025-10-28 21:13:28,583 INFO: Starting Excel sync... [in D:\Python_Projects\website\routes\agent_routes.py:77]
2025-10-28 21:13:28,617 INFO: Sync result: {'success': True, 'changes': {'added': {}, 'removed': {'PRoduct A': 10, 'Product b': 10}, 'increased': {}, 'decreased': {}, 'unchanged': {'Product A': 100, 'Product C': 100, 'Product B': 100, 'Product D': 100}}, 'change_count': 2} [in D:\Python_Projects\website\routes\agent_routes.py:79]
2025-10-28 21:23:35,393 INFO: Website startup [in D:\Python_Projects\website\app.py:46]
2025-10-28 21:23:35,393 INFO: LangSmith tracing enabled [in D:\Python_Projects\website\app.py:50]
2025-10-28 21:23:35,400 INFO: Excel file monitoring started [in D:\Python_Projects\website\app.py:81]
2025-10-28 21:23:36,516 INFO: Website startup [in D:\Python_Projects\website\app.py:46]
2025-10-28 21:23:36,517 INFO: LangSmith tracing enabled [in D:\Python_Projects\website\app.py:50]
2025-10-28 21:23:36,521 INFO: Excel file monitoring started [in D:\Python_Projects\website\app.py:81]
2025-10-28 21:23:38,585 INFO: Agent 2 warehouse endpoint called [in D:\Python_Projects\website\routes\agent_routes.py:67]
2025-10-28 21:23:38,586 INFO: Action: read_excel [in D:\Python_Projects\website\routes\agent_routes.py:73]
2025-10-28 21:23:38,586 INFO: Starting Excel sync... [in D:\Python_Projects\website\routes\agent_routes.py:77]
2025-10-28 21:23:38,854 INFO: Sync result: {'success': True, 'changes': {'added': {}, 'removed': {'Product b': 10, 'PRoduct A': 10}, 'increased': {}, 'decreased': {}, 'unchanged': {'Product D': 100, 'Product A': 100, 'Product B': 100, 'Product C': 100}}, 'change_count': 2} [in D:\Python_Projects\website\routes\agent_routes.py:79]
2025-10-28 21:23:40,128 INFO: Agent 2 warehouse endpoint called [in D:\Python_Projects\website\routes\agent_routes.py:67]
2025-10-28 21:23:40,128 INFO: Action: read_excel [in D:\Python_Projects\website\routes\agent_routes.py:73]
2025-10-28 21:23:40,128 INFO: Starting Excel sync... [in D:\Python_Projects\website\routes\agent_routes.py:77]
2025-10-28 21:23:40,184 INFO: Sync result: {'success': True, 'changes': {'added': {}, 'removed': {'Product b': 10, 'PRoduct A': 10}, 'increased': {}, 'decreased': {}, 'unchanged': {'Product D': 100, 'Product A': 100, 'Product B': 100, 'Product C': 100}}, 'change_count': 2} [in D:\Python_Projects\website\routes\agent_routes.py:79]
2025-10-28 21:23:49,627 INFO: Agent 2 warehouse endpoint called [in D:\Python_Projects\website\routes\agent_routes.py:67]
2025-10-28 21:23:49,628 INFO: Action: read_excel [in D:\Python_Projects\website\routes\agent_routes.py:73]
2025-10-28 21:23:49,628 INFO: Starting Excel sync... [in D:\Python_Projects\website\routes\agent_routes.py:77]
2025-10-28 21:23:49,653 INFO: Sync result: {'success': True, 'changes': {'added': {}, 'removed': {'Product b': 10, 'PRoduct A': 10}, 'increased': {}, 'decreased': {}, 'unchanged': {'Product D': 100, 'Product A': 100, 'Product B': 100, 'Product C': 100}}, 'change_count': 2} [in D:\Python_Projects\website\routes\agent_routes.py:79]
2025-10-28 21:23:57,830 INFO: Agent 2 warehouse endpoint called [in D:\Python_Projects\website\routes\agent_routes.py:67]
2025-10-28 21:23:57,830 INFO: Action: read_excel [in D:\Python_Projects\website\routes\agent_routes.py:73]
2025-10-28 21:23:57,830 INFO: Starting Excel sync... [in D:\Python_Projects\website\routes\agent_routes.py:77]
2025-10-28 21:23:57,865 INFO: Sync result: {'success': True, 'changes': {'added': {}, 'removed': {'Product b': 10, 'PRoduct A': 10}, 'increased': {}, 'decreased': {}, 'unchanged': {'Product D': 100, 'Product A': 100, 'Product B': 100, 'Product C': 100}}, 'change_count': 2} [in D:\Python_Projects\website\routes\agent_routes.py:79]
2025-10-28 21:24:07,324 INFO: Agent 2 warehouse endpoint called [in D:\Python_Projects\website\routes\agent_routes.py:67]
2025-10-28 21:24:07,325 INFO: Action: read_excel [in D:\Python_Projects\website\routes\agent_routes.py:73]
2025-10-28 21:24:07,325 INFO: Starting Excel sync... [in D:\Python_Projects\website\routes\agent_routes.py:77]
2025-10-28 21:24:07,362 INFO: Sync result: {'success': True, 'changes': {'added': {}, 'removed': {'Product b': 10, 'PRoduct A': 10}, 'increased': {}, 'decreased': {}, 'unchanged': {'Product D': 100, 'Product A': 100, 'Product B': 100, 'Product C': 100}}, 'change_count': 2} [in D:\Python_Projects\website\routes\agent_routes.py:79]
2025-10-28 21:24:17,324 INFO: Agent 2 warehouse endpoint called [in D:\Python_Projects\website\routes\agent_routes.py:67]
2025-10-28 21:24:17,324 INFO: Action: read_excel [in D:\Python_Projects\website\routes\agent_routes.py:73]
2025-10-28 21:24:17,324 INFO: Starting Excel sync... [in D:\Python_Projects\website\routes\agent_routes.py:77]
2025-10-28 21:24:17,359 INFO: Sync result: {'success': True, 'changes': {'added': {}, 'removed': {'Product b': 10, 'PRoduct A': 10}, 'increased': {}, 'decreased': {}, 'unchanged': {'Product D': 100, 'Product A': 100, 'Product B': 100, 'Product C': 100}}, 'change_count': 2} [in D:\Python_Projects\website\routes\agent_routes.py:79]
2025-10-28 21:24:27,326 INFO: Agent 2 warehouse endpoint called [in D:\Python_Projects\website\routes\agent_routes.py:67]
2025-10-28 21:24:27,326 INFO: Action: read_excel [in D:\Python_Projects\website\routes\agent_routes.py:73]
2025-10-28 21:24:27,327 INFO: Starting Excel sync... [in D:\Python_Projects\website\routes\agent_routes.py:77]
2025-10-28 21:24:27,369 INFO: Sync result: {'success': True, 'changes': {'added': {}, 'removed': {'Product b': 10, 'PRoduct A': 10}, 'increased': {}, 'decreased': {}, 'unchanged': {'Product D': 100, 'Product A': 100, 'Product B': 100, 'Product C': 100}}, 'change_count': 2} [in D:\Python_Projects\website\routes\agent_routes.py:79]
2025-10-28 21:24:33,632 INFO: Agent 2 warehouse endpoint called [in D:\Python_Projects\website\routes\agent_routes.py:67]
2025-10-28 21:24:33,632 INFO: Action: read_excel [in D:\Python_Projects\website\routes\agent_routes.py:73]
2025-10-28 21:24:33,632 INFO: Starting Excel sync... [in D:\Python_Projects\website\routes\agent_routes.py:77]
2025-10-28 21:24:33,667 INFO: Sync result: {'success': True, 'changes': {'added': {}, 'removed': {'Product b': 10, 'PRoduct A': 10}, 'increased': {}, 'decreased': {}, 'unchanged': {'Product D': 100, 'Product A': 100, 'Product B': 100, 'Product C': 100}}, 'change_count': 2} [in D:\Python_Projects\website\routes\agent_routes.py:79]
2025-10-28 21:24:43,136 INFO: Agent 2 warehouse endpoint called [in D:\Python_Projects\website\routes\agent_routes.py:67]
2025-10-28 21:24:43,136 INFO: Action: read_excel [in D:\Python_Projects\website\routes\agent_routes.py:73]
2025-10-28 21:24:43,136 INFO: Starting Excel sync... [in D:\Python_Projects\website\routes\agent_routes.py:77]
2025-10-28 21:24:43,164 INFO: Sync result: {'success': True, 'changes': {'added': {}, 'removed': {'Product b': 10, 'PRoduct A': 10}, 'increased': {}, 'decreased': {}, 'unchanged': {'Product D': 100, 'Product A': 100, 'Product B': 100, 'Product C': 100}}, 'change_count': 2} [in D:\Python_Projects\website\routes\agent_routes.py:79]
2025-10-28 21:24:53,127 INFO: Agent 2 warehouse endpoint called [in D:\Python_Projects\website\routes\agent_routes.py:67]
2025-10-28 21:24:53,128 INFO: Action: read_excel [in D:\Python_Projects\website\routes\agent_routes.py:73]
2025-10-28 21:24:53,128 INFO: Starting Excel sync... [in D:\Python_Projects\website\routes\agent_routes.py:77]
2025-10-28 21:24:53,154 INFO: Sync result: {'success': True, 'changes': {'added': {}, 'removed': {'Product b': 10, 'PRoduct A': 10}, 'increased': {}, 'decreased': {}, 'unchanged': {'Product D': 100, 'Product A': 100, 'Product B': 100, 'Product C': 100}}, 'change_count': 2} [in D:\Python_Projects\website\routes\agent_routes.py:79]
2025-10-28 21:25:03,129 INFO: Agent 2 warehouse endpoint called [in D:\Python_Projects\website\routes\agent_routes.py:67]
2025-10-28 21:25:03,129 INFO: Action: read_excel [in D:\Python_Projects\website\routes\agent_routes.py:73]
2025-10-28 21:25:03,130 INFO: Starting Excel sync... [in D:\Python_Projects\website\routes\agent_routes.py:77]
2025-10-28 21:25:03,172 INFO: Sync result: {'success': True, 'changes': {'added': {}, 'removed': {'Product b': 10, 'PRoduct A': 10}, 'increased': {}, 'decreased': {}, 'unchanged': {'Product D': 100, 'Product A': 100, 'Product B': 100, 'Product C': 100}}, 'change_count': 2} [in D:\Python_Projects\website\routes\agent_routes.py:79]
2025-10-28 21:25:17,691 INFO: Agent 2 warehouse endpoint called [in D:\Python_Projects\website\routes\agent_routes.py:67]
2025-10-28 21:25:17,692 INFO: Action: read_excel [in D:\Python_Projects\website\routes\agent_routes.py:73]
2025-10-28 21:25:17,692 INFO: Starting Excel sync... [in D:\Python_Projects\website\routes\agent_routes.py:77]
2025-10-28 21:25:17,698 INFO: Sync result: {'success': True, 'changes': {'added': {}, 'removed': {}, 'increased': {}, 'decreased': {}, 'unchanged': {'Product D': 100, 'Product A': 90, 'Product B': 100, 'Product b': 10, 'Product C': 100, 'PRoduct A': 10}}, 'change_count': 0} [in D:\Python_Projects\website\routes\agent_routes.py:79]
